0 info it worked if it ends with ok
1 verbose cli [ 'C:\\Program Files\\nodejs\\node.exe',
1 verbose cli   'C:\\Users\\tecxy\\AppData\\Roaming\\npm\\node_modules\\npm\\bin\\npm-cli.js',
1 verbose cli   'run',
1 verbose cli   'dev' ]
2 info using npm@3.10.6
3 info using node@v4.4.4
4 verbose run-script [ 'predev', 'dev', 'postdev' ]
5 info lifecycle vue-hackernews@1.0.0~predev: vue-hackernews@1.0.0
6 silly lifecycle vue-hackernews@1.0.0~predev: no script for predev, continuing
7 info lifecycle vue-hackernews@1.0.0~dev: vue-hackernews@1.0.0
8 verbose lifecycle vue-hackernews@1.0.0~dev: unsafe-perm in lifecycle true
9 verbose lifecycle vue-hackernews@1.0.0~dev: PATH: C:\Users\tecxy\AppData\Roaming\npm\node_modules\npm\bin\node-gyp-bin;E:\exercise\node.js学习\vue-hackernews-gh-pages\node_modules\.bin;C:\Users\tecxy\bin;D:\Git\Git\mingw32\bin;D:\Git\Git\usr\local\bin;D:\Git\Git\usr\bin;D:\Git\Git\usr\bin;D:\Git\Git\mingw32\bin;D:\Git\Git\usr\bin;C:\Users\tecxy\bin;C:\Program Files (x86)\Common Files\NetSarang;C:\WINDOWS\system32;C:\WINDOWS;C:\WINDOWS\System32\Wbem;C:\WINDOWS\System32\WindowsPowerShell\v1.0;C:\Program Files (x86)\Windows Kits\8.1\Windows Performance Toolkit;C:\Program Files\Microsoft SQL Server\110\Tools\Binn;C:\Program Files\TortoiseSVN\bin;C:\Program Files\Microsoft\Web Platform Installer;C:\Program Files\nodejs;D:\Git\Git\cmd;C:\Users\tecxy\AppData\Roaming\npm;%USERPROFILE%\AppData\Local\Microsoft\WindowsApps;D:\Git\Git\usr\bin\vendor_perl;D:\Git\Git\usr\bin\core_perl
10 verbose lifecycle vue-hackernews@1.0.0~dev: CWD: E:\exercise\node.js学习\vue-hackernews-gh-pages
11 silly lifecycle vue-hackernews@1.0.0~dev: Args: [ '/d /s /c', 'webpack-dev-server --inline --hot --no-info' ]
12 silly lifecycle vue-hackernews@1.0.0~dev: Returned: code: 1  signal: null
13 info lifecycle vue-hackernews@1.0.0~dev: Failed to exec dev script
14 verbose stack Error: vue-hackernews@1.0.0 dev: `webpack-dev-server --inline --hot --no-info`
14 verbose stack Exit status 1
14 verbose stack     at EventEmitter.<anonymous> (C:\Users\tecxy\AppData\Roaming\npm\node_modules\npm\lib\utils\lifecycle.js:255:16)
14 verbose stack     at emitTwo (events.js:87:13)
14 verbose stack     at EventEmitter.emit (events.js:172:7)
14 verbose stack     at ChildProcess.<anonymous> (C:\Users\tecxy\AppData\Roaming\npm\node_modules\npm\lib\utils\spawn.js:40:14)
14 verbose stack     at emitTwo (events.js:87:13)
14 verbose stack     at ChildProcess.emit (events.js:172:7)
14 verbose stack     at maybeClose (internal/child_process.js:827:16)
14 verbose stack     at Process.ChildProcess._handle.onexit (internal/child_process.js:211:5)
15 verbose pkgid vue-hackernews@1.0.0
16 verbose cwd E:\exercise\node.js学习\vue-hackernews-gh-pages
17 error Windows_NT 10.0.14393
18 error argv "C:\\Program Files\\nodejs\\node.exe" "C:\\Users\\tecxy\\AppData\\Roaming\\npm\\node_modules\\npm\\bin\\npm-cli.js" "run" "dev"
19 error node v4.4.4
20 error npm  v3.10.6
21 error code ELIFECYCLE
22 error vue-hackernews@1.0.0 dev: `webpack-dev-server --inline --hot --no-info`
22 error Exit status 1
23 error Failed at the vue-hackernews@1.0.0 dev script 'webpack-dev-server --inline --hot --no-info'.
23 error Make sure you have the latest version of node.js and npm installed.
23 error If you do, this is most likely a problem with the vue-hackernews package,
23 error not with npm itself.
23 error Tell the author that this fails on your system:
23 error     webpack-dev-server --inline --hot --no-info
23 error You can get information on how to open an issue for this project with:
23 error     npm bugs vue-hackernews
23 error Or if that isn't available, you can get their info via:
23 error     npm owner ls vue-hackernews
23 error There is likely additional logging output above.
24 verbose exit [ 1, true ]
